DATASET:  fashion-mnist
TRAINING_DATA_SIZE: 10000
TESTING_DATA_SIZE:  100
MODEL: LogisticRegression

ACCURACY: 0.84
RUNTIME: 00:17

 IDX  PASS
(   0)     1 
(   1)     1 
(   2)     1 
(   3)     1 
(   4)     1 
(   5)     1 
(   6)     1 
(   7)     1 
(   8)     1 
(   9)     1 
(  10)     1 
(  11)     1 
(  12)     0 PREDICTION: Sandal   EXPECTED: Sneaker
(  13)     1 
(  14)     1 
(  15)     1 
(  16)     1 
(  17)     0 PREDICTION: Pullover   EXPECTED: Coat
(  18)     1 
(  19)     1 
(  20)     0 PREDICTION: Shirt   EXPECTED: Pullover
(  21)     0 PREDICTION: Sneaker   EXPECTED: Sandal
(  22)     1 
(  23)     0 PREDICTION: Sandal   EXPECTED: Ankle boot
(  24)     1 
(  25)     0 PREDICTION: Pullover   EXPECTED: Coat
(  26)     1 
(  27)     1 
(  28)     1 
(  29)     0 PREDICTION: Shirt   EXPECTED: Dress
(  30)     1 
(  31)     1 
(  32)     1 
(  33)     1 
(  34)     1 
(  35)     1 
(  36)     1 
(  37)     1 
(  38)     1 
(  39)     1 
(  40)     1 
(  41)     1 
(  42)     0 PREDICTION: Shirt   EXPECTED: Dress
(  43)     1 
(  44)     1 
(  45)     1 
(  46)     1 
(  47)     1 
(  48)     1 
(  49)     0 PREDICTION: Shirt   EXPECTED: Pullover
(  50)     0 PREDICTION: Shirt   EXPECTED: Coat
(  51)     0 PREDICTION: Pullover   EXPECTED: Coat
(  52)     1 
(  53)     1 
(  54)     1 
(  55)     1 
(  56)     1 
(  57)     1 
(  58)     1 
(  59)     1 
(  60)     1 
(  61)     1 
(  62)     1 
(  63)     1 
(  64)     1 
(  65)     1 
(  66)     0 PREDICTION: T-shirt/top   EXPECTED: Pullover
(  67)     1 
(  68)     0 PREDICTION: Sneaker   EXPECTED: Ankle boot
(  69)     1 
(  70)     1 
(  71)     1 
(  72)     0 PREDICTION: Shirt   EXPECTED: Pullover
(  73)     1 
(  74)     1 
(  75)     1 
(  76)     1 
(  77)     1 
(  78)     1 
(  79)     1 
(  80)     1 
(  81)     1 
(  82)     1 
(  83)     1 
(  84)     1 
(  85)     1 
(  86)     1 
(  87)     1 
(  88)     1 
(  89)     1 
(  90)     1 
(  91)     0 PREDICTION: Trouser   EXPECTED: Dress
(  92)     1 
(  93)     1 
(  94)     1 
(  95)     1 
(  96)     1 
(  97)     1 
(  98)     0 PREDICTION: Shirt   EXPECTED: Coat
(  99)     1 
